SLURM_CPUS_PER_TASK 1
Energia
0.024008
0.024002
0.024194
0.023969
0.023985
0.024230
0.024002
0.023983
0.024105
0.024099
0.023946
0.024120
Contraste
0.040544
0.040283
0.040485
0.040245
0.040245
0.040250
0.040487
0.040622
0.040282
0.040252
0.040543
0.040701
Variancia
0.048086
0.048453
0.048450
0.047902
0.048054
0.047965
0.048390
0.048296
0.048258
0.048312
0.047946
0.048399
MDI
0.077890
0.078656
0.077982
0.077942
0.078512
0.078200
0.077930
0.077844
0.078235
0.077906
0.078462
0.077947
Entropia
0.049758
0.049979
0.049791
0.049768
0.049745
0.049736
0.049804
0.049732
0.050296
0.050037
0.050147
0.049765
Media Soma
115.710690
115.691191
115.709958
115.687639
115.689159
115.698235
115.715159
115.686149
115.902671
115.694477
115.710387
115.705421
