GCC 5
GOMP_CPU_AFFINITY=1,2,3,4,5,6
SLURM_CPUS_PER_TASK 6
Threads: 6
Soma CPU: 61500060 
0.182773
Threads: 6
Soma CPU: 61500060 
0.184115
Threads: 6
Soma CPU: 61500060 
0.184008
Threads: 6
Soma CPU: 61500060 
0.180880
Threads: 6
Soma CPU: 61500060 
0.183055
Threads: 6
Soma CPU: 61500060 
0.185529
Threads: 6
Soma CPU: 61500060 
0.182121
Threads: 6
Soma CPU: 61500060 
0.183611
Threads: 6
Soma CPU: 61500060 
0.184211
Threads: 6
Soma CPU: 61500060 
0.181845
Threads: 6
Soma CPU: 61500060 
0.184458
Threads: 6
Soma CPU: 61500060 
0.183987
