GCC 4.9
SLURM_CPUS_PER_TASK 12
Energia
0.003612
0.003290
0.003341
0.003288
0.003308
0.003349
0.003337
0.003340
0.003337
0.003337
0.003330
0.003325
Contraste
0.004102
0.003375
0.003364
0.003365
0.003360
0.003379
0.003395
0.003324
0.003378
0.003358
0.003320
0.003385
Correlacao
0.003291
0.003341
0.003366
0.003342
0.003349
0.003347
0.003330
0.003340
0.003370
0.003347
0.003307
0.003327
Variancia
0.006407
0.006393
0.006399
0.006418
0.006405
0.006386
0.006395
0.006395
0.006385
0.006399
0.006424
0.006347
MDI
0.004018
0.004011
0.003998
0.004000
0.004013
0.004004
0.004017
0.004037
0.004028
0.004012
0.003993
0.004014
Entropia
0.012628
0.012652
0.012670
0.012588
0.012589
0.012684
0.012661
0.012603
0.012584
0.012689
0.012665
0.012585
Soma Media
Soma Var
19.389803
19.379484
19.387528
19.393045
19.382362
19.390499
19.393816
19.395576
19.383552
19.383386
19.383062
19.394994
Soma Entr
9.686650
9.688476
9.682209
9.688050
9.692327
9.687445
9.682130
9.685463
9.687873
9.684171
9.682855
9.688092
Dif Var
17.910036
17.912538
17.894288
17.901000
17.897869
17.904618
17.909819
17.914831
17.911275
17.910240
17.905548
17.898493
Dif Entr
8.211880
8.223336
8.231846
8.227517
8.213787
8.213939
8.233111
8.219061
8.208880
8.212746
8.226424
8.212406
